<?xml version="1.0" encoding="UTF-8"?>
<!-- Generated by org.testng.reporters.JUnitReportReporter -->
<testsuite skipped="0" hostname="LTIN352866" name="cucumberOptions.TestNGTestRunner" tests="1" failures="0" timestamp="2022-02-25T16:11:04 IST" time="117.036" errors="0">
  <testcase name="runScenario" time="117.036" classname="cucumberOptions.TestNGTestRunner"/>
  <system-out/>
</testsuite> <!-- cucumberOptions.TestNGTestRunner -->
